<?xml version="1.0" encoding="UTF-8"?>
<testng-results skipped="0" failed="0" ignored="0" total="1" passed="1">
  <reporter-output>
  </reporter-output>
  <suite name="DemoProject" duration-ms="39744" started-at="2019-05-16T11:09:04Z" finished-at="2019-05-16T11:09:43Z">
    <groups>
    </groups>
    <test name="BankingApp Test" duration-ms="39744" started-at="2019-05-16T11:09:04Z" finished-at="2019-05-16T11:09:43Z">
      <class name="com.demoproject.testCases.TC_LoginTest_001">
        <test-method status="PASS" signature="setUp(java.lang.String)[pri:0, instance:com.demoproject.testCases.TC_LoginTest_001@96532d6]" name="setUp" is-config="true" duration-ms="33711" started-at="2019-05-16T11:09:04Z" finished-at="2019-05-16T11:09:38Z">
          <params>
            <param index="0">
              <value>
                <![CDATA[chrome]]>
              </value>
            </param>
          </params>
          <reporter-output>
          </reporter-output>
        </test-method> <!-- setUp -->
        <test-method status="PASS" signature="loginTest()[pri:0, instance:com.demoproject.testCases.TC_LoginTest_001@96532d6]" name="loginTest" duration-ms="3824" started-at="2019-05-16T11:09:38Z" finished-at="2019-05-16T11:09:42Z">
          <reporter-output>
          </reporter-output>
        </test-method> <!-- loginTest -->
        <test-method status="PASS" signature="tearDown()[pri:0, instance:com.demoproject.testCases.TC_LoginTest_001@96532d6]" name="tearDown" is-config="true" duration-ms="1563" started-at="2019-05-16T11:09:42Z" finished-at="2019-05-16T11:09:43Z">
          <reporter-output>
          </reporter-output>
        </test-method> <!-- tearDown -->
      </class> <!-- com.demoproject.testCases.TC_LoginTest_001 -->
    </test> <!-- BankingApp Test -->
  </suite> <!-- DemoProject -->
</testng-results>
